<?xml version="1.0" encoding="UTF-8"?>
<testng-results total="4" passed="4" failed="0" skipped="0">
  <reporter-output>
  </reporter-output>
  <suite started-at="2021-07-01T19:08:57Z" name="Suite" finished-at="2021-07-01T19:10:13Z" duration-ms="75420">
    <groups>
    </groups>
    <test started-at="2021-07-01T19:08:57Z" name="Test" finished-at="2021-07-01T19:10:13Z" duration-ms="75420">
      <class name="Academy.ValidateTitle">
        <test-method signature="basePageNavigation()[pri:0, instance:Academy.ValidateTitle@3fc79729]" started-at="2021-07-02T00:39:34Z" name="basePageNavigation" finished-at="2021-07-02T00:39:37Z" duration-ms="3459" status="PASS">
          <reporter-output>
          </reporter-output>
        </test-method> <!-- basePageNavigation -->
      </class> <!-- Academy.ValidateTitle -->
      <class name="Academy.HomePage">
        <test-method is-config="true" signature="intialize()[pri:0, instance:Academy.HomePage@44a59da3]" started-at="2021-07-02T00:38:57Z" name="intialize" finished-at="2021-07-02T00:39:02Z" duration-ms="4183" status="PASS">
          <reporter-output>
          </reporter-output>
        </test-method> <!-- intialize -->
        <test-method is-config="true" signature="intialize()[pri:0, instance:Academy.ValidateNavigationBar@34f6515b]" started-at="2021-07-02T00:39:02Z" name="intialize" finished-at="2021-07-02T00:39:15Z" duration-ms="13075" status="PASS">
          <reporter-output>
          </reporter-output>
        </test-method> <!-- intialize -->
        <test-method is-config="true" signature="intialize()[pri:0, instance:Academy.ValidateTitle@3fc79729]" started-at="2021-07-02T00:39:15Z" name="intialize" finished-at="2021-07-02T00:39:33Z" duration-ms="18487" status="PASS">
          <reporter-output>
          </reporter-output>
        </test-method> <!-- intialize -->
        <test-method signature="testBaseNavigation(java.lang.String, java.lang.String, java.lang.String)[pri:0, instance:Academy.HomePage@44a59da3]" started-at="2021-07-02T00:39:38Z" name="testBaseNavigation" data-provider="getData" finished-at="2021-07-02T00:39:54Z" duration-ms="16795" status="PASS">
          <params>
            <param index="0">
              <value>
                <![CDATA[nonrestricteduser@gmail.com]]>
              </value>
            </param>
            <param index="1">
              <value>
                <![CDATA[12345]]>
              </value>
            </param>
            <param index="2">
              <value>
                <![CDATA[Non Restricted User]]>
              </value>
            </param>
          </params>
          <reporter-output>
          </reporter-output>
        </test-method> <!-- testBaseNavigation -->
        <test-method signature="testBaseNavigation(java.lang.String, java.lang.String, java.lang.String)[pri:0, instance:Academy.HomePage@44a59da3]" started-at="2021-07-02T00:39:54Z" name="testBaseNavigation" data-provider="getData" finished-at="2021-07-02T00:40:03Z" duration-ms="8725" status="PASS">
          <params>
            <param index="0">
              <value>
                <![CDATA[restricteduser@gmail.com]]>
              </value>
            </param>
            <param index="1">
              <value>
                <![CDATA[12345]]>
              </value>
            </param>
            <param index="2">
              <value>
                <![CDATA[Restricted User]]>
              </value>
            </param>
          </params>
          <reporter-output>
          </reporter-output>
        </test-method> <!-- testBaseNavigation -->
        <test-method is-config="true" signature="teardown()[pri:0, instance:Academy.HomePage@44a59da3]" started-at="2021-07-02T00:40:03Z" name="teardown" finished-at="2021-07-02T00:40:08Z" duration-ms="4758" status="PASS">
          <reporter-output>
          </reporter-output>
        </test-method> <!-- teardown -->
        <test-method is-config="true" signature="teardown()[pri:0, instance:Academy.ValidateNavigationBar@34f6515b]" started-at="2021-07-02T00:40:08Z" name="teardown" finished-at="2021-07-02T00:40:12Z" duration-ms="4597" status="PASS">
          <reporter-output>
          </reporter-output>
        </test-method> <!-- teardown -->
        <test-method is-config="true" signature="teardown()[pri:0, instance:Academy.ValidateTitle@3fc79729]" started-at="2021-07-02T00:40:12Z" name="teardown" finished-at="2021-07-02T00:40:13Z" duration-ms="424" status="PASS">
          <reporter-output>
          </reporter-output>
        </test-method> <!-- teardown -->
      </class> <!-- Academy.HomePage -->
      <class name="Academy.ValidateNavigationBar">
        <test-method signature="basePageNavigation()[pri:0, instance:Academy.ValidateNavigationBar@34f6515b]" started-at="2021-07-02T00:39:33Z" name="basePageNavigation" finished-at="2021-07-02T00:39:34Z" duration-ms="879" status="PASS">
          <reporter-output>
          </reporter-output>
        </test-method> <!-- basePageNavigation -->
      </class> <!-- Academy.ValidateNavigationBar -->
    </test> <!-- Test -->
  </suite> <!-- Suite -->
</testng-results>
